<?xml version="1.0" encoding="UTF-8"?>
<!-- Generated by org.testng.reporters.JUnitReportReporter -->
<testsuite skipped="0" hostname="DESKTOP-0IMA24S" name="com.ibm.sanity.tests.LoginTest" tests="1" failures="0" timestamp="30 Apr 2020 09:48:37 GMT" time="131.581" errors="0">
  <testcase name="validLoginTest" time="131.581" classname="com.ibm.sanity.tests.LoginTest"/>
</testsuite> <!-- com.ibm.sanity.tests.LoginTest -->
