<?xml version="1.0" encoding="UTF-8"?>
<!-- Generated by org.testng.reporters.JUnitReportReporter -->
<testsuite skipped="0" hostname="DESKTOP-0IMA24S" name="com.ibm.sanity.tests.HC_SAP_Rainbow_Test" tests="1" failures="0" timestamp="30 Apr 2020 10:08:36 GMT" time="167.752" errors="0">
  <testcase name="validLoginTest" time="167.752" classname="com.ibm.sanity.tests.HC_SAP_Rainbow_Test"/>
</testsuite> <!-- com.ibm.sanity.tests.HC_SAP_Rainbow_Test -->
