<?xml version="1.0" encoding="UTF-8"?>
<!-- Generated by org.testng.reporters.JUnitReportReporter -->
<testsuite skipped="0" hostname="DESKTOP-0IMA24S" name="com.ibm.sanity.tests.HC_VIew_All_Test" tests="1" failures="0" timestamp="30 Apr 2020 14:20:31 GMT" time="110.292" errors="0">
  <testcase name="validLoginTest" time="110.292" classname="com.ibm.sanity.tests.HC_VIew_All_Test"/>
</testsuite> <!-- com.ibm.sanity.tests.HC_VIew_All_Test -->
