<?xml version="1.0" encoding="UTF-8"?>
<!-- Generated by org.testng.reporters.JUnitReportReporter -->
<testsuite skipped="0" hostname="DESKTOP-0IMA24S" name="com.ibm.sanity.tests.NG_Metering_App_LoginTest" tests="1" failures="0" timestamp="04 May 2020 08:51:52 GMT" time="188.227" errors="0">
  <testcase name="NGMeteringApp_Login_Test" time="188.227" classname="com.ibm.sanity.tests.NG_Metering_App_LoginTest"/>
</testsuite> <!-- com.ibm.sanity.tests.NG_Metering_App_LoginTest -->
